<?xml version="1.0" encoding="UTF-8"?>
<!-- Generated by org.testng.reporters.JUnitReportReporter -->
<testsuite hostname="NODE266" name="shots.Working" tests="1" failures="0" timestamp="13 Nov 2014 09:44:18 GMT" time="10.303" errors="0">
  <testcase name="project" time="10.303" classname="shots.Working"/>
</testsuite> <!-- shots.Working -->
