<?xml version="1.0" encoding="UTF-8"?>
<!-- Generated by org.testng.reporters.JUnitReportReporter -->
<testsuite hostname="NODE266" name="shots.ScreenShot" tests="1" failures="0" timestamp="11 Nov 2014 10:20:48 GMT" time="0.010" errors="0">
  <testcase name="getScreenShot" time="0.010" classname="shots.ScreenShot"/>
</testsuite> <!-- shots.ScreenShot -->
